22516903.499516:on,84,54
22517239.410712:on,86,49
22517258.992613:on,84,0
22517566.440289:on,88,52
22517607.131864:on,86,0
22517923.908977:on,89,60
22517941.137862:on,88,0
22518301.491473:on,89,0
22518304.487865:on,91,57
22518682.228761:on,89,55
22518699.979289:on,91,0
22518996.196231:on,89,0
22519039.434421:on,88,53
22519398.379542:on,86,57
22519442.324662:on,88,0
22519791.254432:on,84,53
22519840.234604:on,86,0
22520154.201092:on,84,0
22520189.233793:on,86,41
22520535.967477:on,88,45
22520577.368426:on,86,0
22520884.432797:on,89,64
22520887.307944:on,88,0
22521232.53976:on,91,51
22521255.32094:on,89,0
22521568.627913:on,89,55
22521586.885417:on,91,0
22521919.20131:on,88,57
22521933.154648:on,89,0
22522253.181376:on,86,59
22522272.461632:on,88,0
22522629.583186:on,84,57
22522654.842047:on,86,0
22522966.882304:on,86,62
22523009.239027:on,84,0
22523278.933805:on,88,57
22523361.925878:on,86,0
22523606.35984:on,89,58
22523609.461831:on,88,0
22523943.379799:on,91,49
22523948.181652:on,89,0
22524286.872138:on,89,57
22524308.851541:on,91,0
22524581.413152:on,88,48
22524613.92368:on,89,0
22524888.577237:on,86,61
22524957.778769:on,88,0
22525218.010145:on,84,50
22525239.331994:on,86,0
22525874.093699:on,84,0
22525890.925117:on,91,43
22526518.172126:on,84,52
22526564.168125:on,91,0
22527683.373281:on,84,0
